[INFO] Scanning for projects...
Downloading: http://uk.maven.org/maven2/org/springframework/security/spring-security-bom/4.2.1.RELEASE/spring-security-bom-4.2.1.RELEASE.pom
Downloaded: http://uk.maven.org/maven2/org/springframework/security/spring-security-bom/4.2.1.RELEASE/spring-security-bom-4.2.1.RELEASE.pom (0 B at 0.0 KB/sec)
Downloading: https://repo.maven.apache.org/maven2/org/jooq/jooq-codegen-maven/3.9.1/jooq-codegen-maven-3.9.1.pom
3/3 KB   3/3 KB            Downloaded: https://repo.maven.apache.org/maven2/org/jooq/jooq-codegen-maven/3.9.1/jooq-codegen-maven-3.9.1.pom (3 KB at 7.6 KB/sec)
Downloading: https://repo.maven.apache.org/maven2/org/jooq/jooq-parent/3.9.1/jooq-parent-3.9.1.pom
3/10 KB   5/10 KB   8/10 KB   10/10 KB              Downloaded: https://repo.maven.apache.org/maven2/org/jooq/jooq-parent/3.9.1/jooq-parent-3.9.1.pom (10 KB at 130.7 KB/sec)
Downloading: https://repo.maven.apache.org/maven2/org/jooq/jooq-codegen-maven/3.9.1/jooq-codegen-maven-3.9.1.jar
3/16 KB    5/16 KB   8/16 KB   11/16 KB   13/16 KB   16/16 KB              Downloaded: https://repo.maven.apache.org/maven2/org/jooq/jooq-codegen-maven/3.9.1/jooq-codegen-maven-3.9.1.jar (16 KB at 108.9 KB/sec)
[INFO]                                                                         
[INFO] ------------------------------------------------------------------------
[INFO] Building CamelActiviti 0.0.1-SNAPSHOT
[INFO] ------------------------------------------------------------------------
Downloading: http://uk.maven.org/maven2/javax/activation/activation/1.1.1/activation-1.1.1.jar
           Downloaded: http://uk.maven.org/maven2/javax/activation/activation/1.1.1/activation-1.1.1.jar (0 B at 0.0 KB/sec)
[INFO] 
[INFO] --- maven-dependency-plugin:2.10:tree (default-cli) @ camel-activiti ---
[INFO] com.ixxus.example:camel-activiti:jar:0.0.1-SNAPSHOT
[INFO] +- org.activiti:activiti-spring-boot-starter-basic:jar:5.21.0:compile
[INFO] |  +- org.activiti:activiti-engine:jar:5.21.0:compile
[INFO] |  |  +- org.activiti:activiti-bpmn-converter:jar:5.21.0:compile
[INFO] |  |  |  \- org.activiti:activiti-bpmn-model:jar:5.21.0:compile
[INFO] |  |  |     +- com.fasterxml.jackson.core:jackson-core:jar:2.8.6:compile
[INFO] |  |  |     \- com.fasterxml.jackson.core:jackson-databind:jar:2.8.6:compile
[INFO] |  |  |        \- com.fasterxml.jackson.core:jackson-annotations:jar:2.8.0:compile
[INFO] |  |  +- org.activiti:activiti-process-validation:jar:5.21.0:compile
[INFO] |  |  +- org.activiti:activiti-image-generator:jar:5.21.0:compile
[INFO] |  |  +- org.apache.commons:commons-email:jar:1.4:compile
[INFO] |  |  |  +- com.sun.mail:javax.mail:jar:1.5.6:compile
[INFO] |  |  |  \- javax.activation:activation:jar:1.1.1:compile
[INFO] |  |  +- org.apache.commons:commons-lang3:jar:3.3.2:compile
[INFO] |  |  +- org.mybatis:mybatis:jar:3.3.0:compile
[INFO] |  |  +- org.springframework:spring-beans:jar:4.3.6.RELEASE:compile
[INFO] |  |  \- joda-time:joda-time:jar:2.9.7:compile
[INFO] |  +- org.activiti:activiti-spring:jar:5.21.0:compile
[INFO] |  |  +- org.springframework:spring-context:jar:4.3.6.RELEASE:compile
[INFO] |  |  |  \- org.springframework:spring-expression:jar:4.3.6.RELEASE:compile
[INFO] |  |  +- org.springframework:spring-jdbc:jar:4.3.6.RELEASE:compile
[INFO] |  |  +- org.springframework:spring-tx:jar:4.3.6.RELEASE:compile
[INFO] |  |  +- org.springframework:spring-orm:jar:4.3.6.RELEASE:compile
[INFO] |  |  \- commons-dbcp:commons-dbcp:jar:1.4:compile
[INFO] |  |     \- commons-pool:commons-pool:jar:1.6:compile
[INFO] |  \- org.springframework.boot:spring-boot-starter-jdbc:jar:1.5.1.RELEASE:compile
[INFO] |     \- org.apache.tomcat:tomcat-jdbc:jar:8.5.11:compile
[INFO] |        \- org.apache.tomcat:tomcat-juli:jar:8.5.11:compile
[INFO] +- org.apache.camel:camel-spring-boot-starter:jar:2.18.1:compile
[INFO] |  +- org.springframework.boot:spring-boot-starter:jar:1.5.1.RELEASE:compile
[INFO] |  |  +- org.springframework.boot:spring-boot:jar:1.5.1.RELEASE:compile
[INFO] |  |  +- org.springframework.boot:spring-boot-autoconfigure:jar:1.5.1.RELEASE:compile
[INFO] |  |  +- org.springframework.boot:spring-boot-starter-logging:jar:1.5.1.RELEASE:compile
[INFO] |  |  |  +- ch.qos.logback:logback-classic:jar:1.1.9:compile
[INFO] |  |  |  |  \- ch.qos.logback:logback-core:jar:1.1.9:compile
[INFO] |  |  |  +- org.slf4j:jul-to-slf4j:jar:1.7.22:compile
[INFO] |  |  |  \- org.slf4j:log4j-over-slf4j:jar:1.7.22:compile
[INFO] |  |  \- org.yaml:snakeyaml:jar:1.17:runtime
[INFO] |  +- org.apache.camel:camel-spring-boot:jar:2.18.1:compile
[INFO] |  |  +- com.sun.xml.bind:jaxb-core:jar:2.2.11:compile
[INFO] |  |  \- com.sun.xml.bind:jaxb-impl:jar:2.2.11:compile
[INFO] |  \- org.apache.camel:camel-core-starter:jar:2.18.1:compile
[INFO] |     +- org.apache.camel:camel-core:jar:2.18.1:compile
[INFO] |     \- com.github.ben-manes.caffeine:caffeine:jar:2.3.5:compile
[INFO] +- org.activiti:activiti-camel:jar:5.21.0:compile
[INFO] |  +- org.apache.camel:camel-spring:jar:2.11.0:compile
[INFO] |  |  \- org.springframework:spring-aop:jar:4.3.6.RELEASE:compile
[INFO] |  +- org.slf4j:slf4j-api:jar:1.7.22:compile
[INFO] |  \- org.slf4j:jcl-over-slf4j:jar:1.7.22:compile
[INFO] +- com.h2database:h2:jar:1.4.185:runtime
[INFO] \- org.springframework.boot:spring-boot-starter-test:jar:1.5.1.RELEASE:test
[INFO]    +- org.springframework.boot:spring-boot-test:jar:1.5.1.RELEASE:test
[INFO]    +- org.springframework.boot:spring-boot-test-autoconfigure:jar:1.5.1.RELEASE:test
[INFO]    +- com.jayway.jsonpath:json-path:jar:2.2.0:test
[INFO]    |  \- net.minidev:json-smart:jar:2.2.1:test
[INFO]    |     \- net.minidev:accessors-smart:jar:1.1:test
[INFO]    |        \- org.ow2.asm:asm:jar:5.0.3:test
[INFO]    +- junit:junit:jar:4.12:test
[INFO]    +- org.assertj:assertj-core:jar:2.6.0:test
[INFO]    +- org.mockito:mockito-core:jar:1.10.19:test
[INFO]    |  \- org.objenesis:objenesis:jar:2.1:test
[INFO]    +- org.hamcrest:hamcrest-core:jar:1.3:test
[INFO]    +- org.hamcrest:hamcrest-library:jar:1.3:test
[INFO]    +- org.skyscreamer:jsonassert:jar:1.4.0:test
[INFO]    |  \- com.vaadin.external.google:android-json:jar:0.0.20131108.vaadin1:test
[INFO]    +- org.springframework:spring-core:jar:4.3.6.RELEASE:compile
[INFO]    \- org.springframework:spring-test:jar:4.3.6.RELEASE:test
[INFO] ------------------------------------------------------------------------
[INFO] BUILD SUCCESS
[INFO] ------------------------------------------------------------------------
[INFO] Total time: 6.607 s
[INFO] Finished at: 2017-02-10T11:49:24-05:00
[INFO] Final Memory: 29M/480M
[INFO] ------------------------------------------------------------------------
